Library/Android/Prj/Mono2x/Gradle/launcher/build/intermediates/manifest_merge_blame_file/release/manifest-merger-blame-release-report.txt
1<?xml version="1.0" encoding="utf-8"?>
2<manifest xmlns:android="http://schemas.android.com/apk/res/android"
3    package="com.DefaultCompany.VrChemLab"
4    android:installLocation="auto"
5    android:versionCode="1"
6    android:versionName="0.1" >
7
8    <uses-sdk
9        android:minSdkVersion="22"
9-->src\main\AndroidManifest.xml
10        android:targetSdkVersion="29" />
10-->src\main\AndroidManifest.xml
11
12    <supports-screens
12-->src\main\AndroidManifest.xml:3:3-163
13        android:anyDensity="true"
13-->src\main\AndroidManifest.xml:3:135-160
14        android:largeScreens="true"
14-->src\main\AndroidManifest.xml:3:78-105
15        android:normalScreens="true"
15-->src\main\AndroidManifest.xml:3:49-77
16        android:smallScreens="true"
16-->src\main\AndroidManifest.xml:3:21-48
17        android:xlargeScreens="true" />
17-->src\main\AndroidManifest.xml:3:106-134
18
19    <uses-feature android:glEsVersion="0x00030000" />
19-->[:unityLibrary] AndroidManifest.xml:12:5-54
19-->[:unityLibrary] AndroidManifest.xml:12:19-51
20    <uses-feature
20-->[:unityLibrary] AndroidManifest.xml:13:5-15:36
21        android:name="android.hardware.vulkan.version"
21-->[:unityLibrary] AndroidManifest.xml:14:9-55
22        android:required="false" />
22-->[:unityLibrary] AndroidManifest.xml:15:9-33
23
24    <uses-permission android:name="android.permission.INTERNET" />
24-->[:unityLibrary] AndroidManifest.xml:17:5-67
24-->[:unityLibrary] AndroidManifest.xml:17:22-64
25    <uses-permission android:name="android.permission.RECORD_AUDIO" />
25-->[:unityLibrary] AndroidManifest.xml:18:5-71
25-->[:unityLibrary] AndroidManifest.xml:18:22-68
26    <uses-permission android:name="android.permission.MODIFY_AUDIO_SETTINGS" />
26-->[:unityLibrary] AndroidManifest.xml:19:5-80
26-->[:unityLibrary] AndroidManifest.xml:19:22-77
27    <uses-permission android:name="android.permission.BLUETOOTH" />
27-->[:unityLibrary] AndroidManifest.xml:20:5-68
27-->[:unityLibrary] AndroidManifest.xml:20:22-65
28
29    <uses-feature
29-->[:unityLibrary] AndroidManifest.xml:22:5-24:36
30        android:name="android.hardware.microphone"
30-->[:unityLibrary] AndroidManifest.xml:23:9-51
31        android:required="false" />
31-->[:unityLibrary] AndroidManifest.xml:24:9-33
32    <uses-feature
32-->[:unityLibrary] AndroidManifest.xml:25:5-27:36
33        android:name="android.hardware.touchscreen"
33-->[:unityLibrary] AndroidManifest.xml:26:9-52
34        android:required="false" />
34-->[:unityLibrary] AndroidManifest.xml:27:9-33
35    <uses-feature
35-->[:unityLibrary] AndroidManifest.xml:28:5-30:36
36        android:name="android.hardware.touchscreen.multitouch"
36-->[:unityLibrary] AndroidManifest.xml:29:9-63
37        android:required="false" />
37-->[:unityLibrary] AndroidManifest.xml:30:9-33
38    <uses-feature
38-->[:unityLibrary] AndroidManifest.xml:31:5-33:36
39        android:name="android.hardware.touchscreen.multitouch.distinct"
39-->[:unityLibrary] AndroidManifest.xml:32:9-72
40        android:required="false" />
40-->[:unityLibrary] AndroidManifest.xml:33:9-33
41    <uses-feature
41-->[:unityLibrary] AndroidManifest.xml:34:5-37:31
42        android:name="android.hardware.vr.headtracking"
42-->[:unityLibrary] AndroidManifest.xml:35:9-56
43        android:required="true"
43-->[:unityLibrary] AndroidManifest.xml:36:9-32
44        android:version="1" />
44-->[:unityLibrary] AndroidManifest.xml:37:9-28
45
46    <application
46-->src\main\AndroidManifest.xml:4:3-83
47        android:allowBackup="false"
47-->[:unityLibrary] AndroidManifest.xml:40:9-36
48        android:extractNativeLibs="true"
48-->[:unityLibrary] AndroidManifest.xml:41:9-41
49        android:icon="@mipmap/app_icon"
49-->src\main\AndroidManifest.xml:4:49-80
50        android:label="@string/app_name"
50-->src\main\AndroidManifest.xml:4:16-48
51        android:networkSecurityConfig="@xml/network_sec_config" >
51-->[:unityLibrary] AndroidManifest.xml:44:9-64
52        <activity
52-->[:unityLibrary] AndroidManifest.xml:45:9-69:20
53            android:name="com.unity3d.player.UnityPlayerActivity"
53-->[:unityLibrary] AndroidManifest.xml:46:13-66
54            android:configChanges="mcc|mnc|locale|touchscreen|keyboard|keyboardHidden|navigation|orientation|screenLayout|uiMode|screenSize|smallestScreenSize|fontScale|layoutDirection|density"
54-->[:unityLibrary] AndroidManifest.xml:47:13-194
55            android:hardwareAccelerated="false"
55-->[:unityLibrary] AndroidManifest.xml:48:13-48
56            android:launchMode="singleTask"
56-->[:unityLibrary] AndroidManifest.xml:49:13-44
57            android:resizeableActivity="false"
57-->[:unityLibrary] AndroidManifest.xml:50:13-47
58            android:screenOrientation="landscape"
58-->[:unityLibrary] AndroidManifest.xml:51:13-50
59            android:theme="@style/UnityThemeSelector" >
59-->[:unityLibrary] AndroidManifest.xml:52:13-54
60            <intent-filter>
60-->[:unityLibrary] AndroidManifest.xml:53:13-58:29
61                <action android:name="android.intent.action.MAIN" />
61-->[:unityLibrary] AndroidManifest.xml:54:17-69
61-->[:unityLibrary] AndroidManifest.xml:54:25-66
62
63                <category android:name="android.intent.category.LAUNCHER" />
63-->[:unityLibrary] AndroidManifest.xml:56:17-77
63-->[:unityLibrary] AndroidManifest.xml:56:27-74
64                <category android:name="com.oculus.intent.category.VR" />
64-->[:unityLibrary] AndroidManifest.xml:57:17-74
64-->[:unityLibrary] AndroidManifest.xml:57:27-71
65            </intent-filter>
66
67            <meta-data
67-->[:unityLibrary] AndroidManifest.xml:60:13-62:40
68                android:name="unityplayer.UnityActivity"
68-->[:unityLibrary] AndroidManifest.xml:61:17-57
69                android:value="true" />
69-->[:unityLibrary] AndroidManifest.xml:62:17-37
70            <meta-data
70-->[:unityLibrary] AndroidManifest.xml:63:13-65:40
71                android:name="android.notch_support"
71-->[:unityLibrary] AndroidManifest.xml:64:17-53
72                android:value="true" />
72-->[:unityLibrary] AndroidManifest.xml:65:17-37
73            <meta-data
73-->[:unityLibrary] AndroidManifest.xml:66:13-68:40
74                android:name="com.oculus.vr.focusaware"
74-->[:unityLibrary] AndroidManifest.xml:67:17-56
75                android:value="true" />
75-->[:unityLibrary] AndroidManifest.xml:68:17-37
76        </activity>
77
78        <meta-data
78-->[:unityLibrary] AndroidManifest.xml:71:9-73:33
79            android:name="unity.splash-mode"
79-->[:unityLibrary] AndroidManifest.xml:72:13-45
80            android:value="0" />
80-->[:unityLibrary] AndroidManifest.xml:73:13-30
81        <meta-data
81-->[:unityLibrary] AndroidManifest.xml:74:9-76:36
82            android:name="unity.splash-enable"
82-->[:unityLibrary] AndroidManifest.xml:75:13-47
83            android:value="True" />
83-->[:unityLibrary] AndroidManifest.xml:76:13-33
84        <meta-data
84-->[:unityLibrary] AndroidManifest.xml:77:9-79:36
85            android:name="unity.launch-fullscreen"
85-->[:unityLibrary] AndroidManifest.xml:78:13-51
86            android:value="True" />
86-->[:unityLibrary] AndroidManifest.xml:79:13-33
87        <meta-data
87-->[:unityLibrary] AndroidManifest.xml:80:9-82:37
88            android:name="unity.allow-resizable-window"
88-->[:unityLibrary] AndroidManifest.xml:81:13-56
89            android:value="False" />
89-->[:unityLibrary] AndroidManifest.xml:82:13-34
90        <meta-data
90-->[:unityLibrary] AndroidManifest.xml:83:9-85:50
91            android:name="notch.config"
91-->[:unityLibrary] AndroidManifest.xml:84:13-40
92            android:value="portrait|landscape" />
92-->[:unityLibrary] AndroidManifest.xml:85:13-47
93        <meta-data
93-->[:unityLibrary] AndroidManifest.xml:86:9-88:44
94            android:name="com.oculus.supportedDevices"
94-->[:unityLibrary] AndroidManifest.xml:87:13-55
95            android:value="quest|quest2" />
95-->[:unityLibrary] AndroidManifest.xml:88:13-41
96    </application>
97
98</manifest>